Sep-27 11:14:42.532 [main] DEBUG nextflow.cli.Launcher - $> nextflow run main.nf --input test.fastq
Sep-27 11:14:42.636 [main] DEBUG nextflow.cli.CmdRun - N E X T F L O W  ~  version 25.04.7
Sep-27 11:14:42.662 [main] DEBUG nextflow.plugin.PluginsFacade - Setting up plugin manager > mode=prod; embedded=false; plugins-dir=/home/runner/.nextflow/plugins; core-plugins: nf-amazon@2.15.0-patch1,nf-azure@1.16.0-patch1,nf-cloudcache@0.4.3,nf-codecommit@0.2.3,nf-console@1.2.1,nf-google@1.21.1,nf-k8s@1.0.0,nf-tower@1.11.4-patch1,nf-wave@1.12.1
Sep-27 11:14:42.690 [main] INFO  o.pf4j.DefaultPluginStatusProvider - Enabled plugins: []
Sep-27 11:14:42.691 [main] INFO  o.pf4j.DefaultPluginStatusProvider - Disabled plugins: []
Sep-27 11:14:42.694 [main] INFO  org.pf4j.DefaultPluginManager - PF4J version 3.12.0 in 'deployment' mode
Sep-27 11:14:42.708 [main] INFO  org.pf4j.AbstractPluginManager - No plugins
Sep-27 11:14:42.737 [main] DEBUG nextflow.config.ConfigBuilder - Found config local: /home/runner/work/FastQ-Screen/FastQ-Screen/nextflow.config
Sep-27 11:14:42.741 [main] DEBUG nextflow.config.ConfigBuilder - Parsing config file: /home/runner/work/FastQ-Screen/FastQ-Screen/nextflow.config
Sep-27 11:14:42.778 [main] DEBUG n.secret.LocalSecretsProvider - Secrets store: /home/runner/.nextflow/secrets/store.json
Sep-27 11:14:42.783 [main] DEBUG nextflow.secret.SecretsLoader - Discovered secrets providers: [nextflow.secret.LocalSecretsProvider@22101c80] - activable => nextflow.secret.LocalSecretsProvider@22101c80
Sep-27 11:14:42.801 [main] DEBUG nextflow.config.ConfigBuilder - Applying config profile: `standard`
Sep-27 11:14:44.114 [main] DEBUG nextflow.cli.CmdRun - Applied DSL=2 from script declaration
Sep-27 11:14:44.134 [main] DEBUG nextflow.cli.CmdRun - Launching `main.nf` [lethal_wegener] DSL2 - revision: c7ccc752e8
Sep-27 11:14:44.136 [main] DEBUG nextflow.plugin.PluginsFacade - Plugins declared=[nf-schema@2.0.0]
Sep-27 11:14:44.137 [main] DEBUG nextflow.plugin.PluginsFacade - Plugins default=[]
Sep-27 11:14:44.138 [main] DEBUG nextflow.plugin.PluginsFacade - Plugins resolved requirement=[nf-schema@2.0.0]
Sep-27 11:14:44.140 [main] DEBUG nextflow.plugin.PluginUpdater - Installing plugin nf-schema version: 2.0.0
Sep-27 11:14:44.149 [main] INFO  org.pf4j.AbstractPluginManager - Plugin 'nf-schema@2.0.0' resolved
Sep-27 11:14:44.150 [main] INFO  org.pf4j.AbstractPluginManager - Start plugin 'nf-schema@2.0.0'
Sep-27 11:14:44.156 [main] DEBUG nextflow.plugin.BasePlugin - Plugin started nf-schema@2.0.0
Sep-27 11:14:44.246 [main] DEBUG nextflow.Session - Session UUID: 4cdc752b-6eb8-491b-a085-2ccf99bd8cae
Sep-27 11:14:44.246 [main] DEBUG nextflow.Session - Run name: lethal_wegener
Sep-27 11:14:44.247 [main] DEBUG nextflow.Session - Executor pool size: 4
Sep-27 11:14:44.256 [main] DEBUG nextflow.file.FilePorter - File porter settings maxRetries=3; maxTransfers=50; pollTimeout=null
Sep-27 11:14:44.263 [main] DEBUG nextflow.util.ThreadPoolBuilder - Creating thread pool 'FileTransfer' minSize=10; maxSize=12; workQueue=LinkedBlockingQueue[-1]; allowCoreThreadTimeout=false
Sep-27 11:14:44.284 [main] DEBUG nextflow.cli.CmdRun - 
  Version: 25.04.7 build 5955
  Created: 08-09-2025 13:29 UTC 
  System: Linux 6.11.0-1018-azure
  Runtime: Groovy 4.0.26 on OpenJDK 64-Bit Server VM 17.0.16+8
  Encoding: UTF-8 (UTF-8)
  Process: 4171@runnervm3ublj [10.1.0.182]
  CPUs: 4 - Mem: 15.6 GB (12.2 GB) - Swap: 4 GB (4 GB)
Sep-27 11:14:44.308 [main] DEBUG nextflow.Session - Work-dir: /home/runner/work/FastQ-Screen/FastQ-Screen/work [ext2/ext3]
Sep-27 11:14:44.309 [main] DEBUG nextflow.Session - Script base path does not exist or is not a directory: /home/runner/work/FastQ-Screen/FastQ-Screen/bin
Sep-27 11:14:44.323 [main] DEBUG nextflow.executor.ExecutorFactory - Extension executors providers=[]
Sep-27 11:14:44.335 [main] DEBUG nextflow.Session - Observer factory: DefaultObserverFactory
Sep-27 11:14:44.371 [main] DEBUG nextflow.Session - Observer factory (v2): LinObserverFactory
Sep-27 11:14:44.404 [main] DEBUG nextflow.cache.CacheFactory - Using Nextflow cache factory: nextflow.cache.DefaultCacheFactory
Sep-27 11:14:44.415 [main] DEBUG nextflow.util.CustomThreadPool - Creating default thread pool > poolSize: 5; maxThreads: 1000
Sep-27 11:14:44.474 [main] DEBUG nextflow.Session - Session start
Sep-27 11:14:44.478 [main] DEBUG nextflow.trace.TraceFileObserver - Workflow started -- trace file: /home/runner/work/FastQ-Screen/FastQ-Screen/results/pipeline_info/execution_trace_2025-09-27_11-14-43.txt
Sep-27 11:14:45.039 [main] DEBUG nextflow.script.ScriptRunner - > Launching execution
Sep-27 11:14:45.818 [main] DEBUG nextflow.script.ProcessConfig - Config settings `withLabel:process_medium` matches labels `process_medium` for process with name EDMUNDMILLER_FASTQSCREEN:FASTQ_SCREEN_SCREEN
Sep-27 11:14:45.823 [main] DEBUG nextflow.script.ProcessConfig - Config settings `withName:FASTQ_SCREEN_SCREEN` matches process EDMUNDMILLER_FASTQSCREEN:FASTQ_SCREEN_SCREEN
Sep-27 11:14:45.846 [main] DEBUG nextflow.executor.ExecutorFactory - << taskConfig executor: null
Sep-27 11:14:45.846 [main] DEBUG nextflow.executor.ExecutorFactory - >> processorType: 'local'
Sep-27 11:14:45.853 [main] DEBUG nextflow.executor.Executor - [warm up] executor > local
Sep-27 11:14:45.861 [main] DEBUG n.processor.LocalPollingMonitor - Creating local task monitor for executor 'local' > cpus=4; memory=15.6 GB; capacity=4; pollInterval=100ms; dumpInterval=5m
Sep-27 11:14:45.864 [main] DEBUG n.processor.TaskPollingMonitor - >>> barrier register (monitor: local)
Sep-27 11:14:45.894 [main] DEBUG nextflow.processor.TaskProcessor - Creating process 'EDMUNDMILLER_FASTQSCREEN:FASTQ_SCREEN_SCREEN': maxForks=0; fair=false; array=0
Sep-27 11:14:45.962 [main] DEBUG nextflow.script.ProcessConfig - Config settings `withLabel:process_single` matches labels `process_single` for process with name EDMUNDMILLER_FASTQSCREEN:MAKE_GRAPHS
Sep-27 11:14:45.963 [main] DEBUG nextflow.script.ProcessConfig - Config settings `withName:MAKE_GRAPHS` matches process EDMUNDMILLER_FASTQSCREEN:MAKE_GRAPHS
Sep-27 11:14:45.967 [main] DEBUG nextflow.executor.ExecutorFactory - << taskConfig executor: null
Sep-27 11:14:45.967 [main] DEBUG nextflow.executor.ExecutorFactory - >> processorType: 'local'
Sep-27 11:14:45.969 [main] DEBUG nextflow.processor.TaskProcessor - Creating process 'EDMUNDMILLER_FASTQSCREEN:MAKE_GRAPHS': maxForks=0; fair=false; array=0
Sep-27 11:14:45.986 [main] DEBUG nextflow.script.ProcessConfig - Config settings `withLabel:process_single` matches labels `process_single` for process with name EDMUNDMILLER_FASTQSCREEN:MAKE_HTML_REPORT
Sep-27 11:14:45.987 [main] DEBUG nextflow.script.ProcessConfig - Config settings `withName:MAKE_HTML_REPORT` matches process EDMUNDMILLER_FASTQSCREEN:MAKE_HTML_REPORT
Sep-27 11:14:45.991 [main] DEBUG nextflow.executor.ExecutorFactory - << taskConfig executor: null
Sep-27 11:14:45.991 [main] DEBUG nextflow.executor.ExecutorFactory - >> processorType: 'local'
Sep-27 11:14:45.992 [main] DEBUG nextflow.processor.TaskProcessor - Creating process 'EDMUNDMILLER_FASTQSCREEN:MAKE_HTML_REPORT': maxForks=0; fair=false; array=0
Sep-27 11:14:46.002 [main] DEBUG nextflow.Session - Workflow process names [dsl2]: MAKE_GRAPHS, MAKE_HTML_REPORT, SUBSET_FASTQ, FASTQ_SCREEN_SCREEN, EDMUNDMILLER_FASTQSCREEN:FASTQ_SCREEN_SCREEN, EDMUNDMILLER_FASTQSCREEN:MAKE_GRAPHS, EDMUNDMILLER_FASTQSCREEN:MAKE_HTML_REPORT
Sep-27 11:14:46.008 [main] DEBUG nextflow.Session - Igniting dataflow network (8)
Sep-27 11:14:46.023 [main] DEBUG nextflow.processor.TaskProcessor - Starting process > EDMUNDMILLER_FASTQSCREEN:FASTQ_SCREEN_SCREEN
Sep-27 11:14:46.023 [main] DEBUG nextflow.processor.TaskProcessor - Starting process > EDMUNDMILLER_FASTQSCREEN:MAKE_GRAPHS
Sep-27 11:14:46.024 [main] DEBUG nextflow.processor.TaskProcessor - Starting process > EDMUNDMILLER_FASTQSCREEN:MAKE_HTML_REPORT
Sep-27 11:14:46.025 [main] DEBUG nextflow.script.ScriptRunner - Parsed script files:
  Script_fb4ec2f105871b98: /home/runner/work/FastQ-Screen/FastQ-Screen/main.nf
  Script_8fcfe8f048c3b560: /home/runner/work/FastQ-Screen/FastQ-Screen/modules/make_graphs.nf
  Script_4ede46cc3816edc7: /home/runner/work/FastQ-Screen/FastQ-Screen/modules/fastq_screen_screen.nf
  Script_4dc8c22491f83a7c: /home/runner/work/FastQ-Screen/FastQ-Screen/modules/make_html_report.nf
  Script_947961051865f7f1: /home/runner/work/FastQ-Screen/FastQ-Screen/modules/subset_fastq.nf
Sep-27 11:14:46.025 [main] DEBUG nextflow.script.ScriptRunner - > Awaiting termination 
Sep-27 11:14:46.025 [main] DEBUG nextflow.Session - Session await
Sep-27 11:14:46.260 [Task submitter] DEBUG n.executor.local.LocalTaskHandler - Launch cmd line: /bin/bash -ue .command.run
Sep-27 11:14:46.276 [Task submitter] INFO  nextflow.Session - [d4/442408] Submitted process > EDMUNDMILLER_FASTQSCREEN:FASTQ_SCREEN_SCREEN (test)
Sep-27 11:14:46.357 [Task monitor] DEBUG n.processor.TaskPollingMonitor - Task completed > TaskHandler[id: 1; name: EDMUNDMILLER_FASTQSCREEN:FASTQ_SCREEN_SCREEN (test); status: COMPLETED; exit: 127; error: -; workDir: /home/runner/work/FastQ-Screen/FastQ-Screen/work/d4/442408ef8a176c01b44941b9a7bb05]
Sep-27 11:14:46.358 [Task monitor] DEBUG nextflow.util.ThreadPoolBuilder - Creating thread pool 'TaskFinalizer' minSize=10; maxSize=12; workQueue=LinkedBlockingQueue[-1]; allowCoreThreadTimeout=false
Sep-27 11:14:46.375 [TaskFinalizer-1] DEBUG nextflow.processor.TaskProcessor - Handling unexpected condition for
  task: name=EDMUNDMILLER_FASTQSCREEN:FASTQ_SCREEN_SCREEN (test); work-dir=/home/runner/work/FastQ-Screen/FastQ-Screen/work/d4/442408ef8a176c01b44941b9a7bb05
  error [nextflow.exception.ProcessFailedException]: Process `EDMUNDMILLER_FASTQSCREEN:FASTQ_SCREEN_SCREEN (test)` terminated with an error exit status (127)
Sep-27 11:14:46.405 [TaskFinalizer-1] ERROR nextflow.processor.TaskProcessor - Error executing process > 'EDMUNDMILLER_FASTQSCREEN:FASTQ_SCREEN_SCREEN (test)'

Caused by:
  Process `EDMUNDMILLER_FASTQSCREEN:FASTQ_SCREEN_SCREEN (test)` terminated with an error exit status (127)


Command executed:

  # Use FastQ Screen directly from the container
  fastq_screen \
      --conf fastq_screen.conf.example \
      --aligner bowtie2 \
      --threads 4 \
       \
       \
       \
       \
       \
      --force \
       \
       \
       \
       \
       \
       \
       \
       \
       \
       \
       \
      test.fastq
  
  cat <<-END_VERSIONS > versions.yml
  "EDMUNDMILLER_FASTQSCREEN:FASTQ_SCREEN_SCREEN":
      fastq_screen: $(fastq_screen --version 2>&1 | grep -oE '[0-9]+\.[0-9]+\.[0-9]+' | head -1)
  END_VERSIONS

Command exit status:
  127

Command output:
  (empty)

Command error:
  .command.sh: line 4: fastq_screen: command not found

Work dir:
  /home/runner/work/FastQ-Screen/FastQ-Screen/work/d4/442408ef8a176c01b44941b9a7bb05

Tip: when you have fixed the problem you can continue the execution adding the option `-resume` to the run command line
Sep-27 11:14:46.421 [main] DEBUG nextflow.Session - Session await > all processes finished
Sep-27 11:14:46.426 [Task monitor] DEBUG n.processor.TaskPollingMonitor - <<< barrier arrives (monitor: local) - terminating tasks monitor poll loop
Sep-27 11:14:46.426 [main] DEBUG nextflow.Session - Session await > all barriers passed
Sep-27 11:14:46.446 [TaskFinalizer-1] INFO  nextflow.Session - Execution cancelled -- Finishing pending tasks before exit
Sep-27 11:14:46.454 [main] DEBUG nextflow.util.ThreadPoolManager - Thread pool 'TaskFinalizer' shutdown completed (hard=false)
Sep-27 11:14:46.460 [main] DEBUG n.trace.WorkflowStatsObserver - Workflow completed > WorkflowStats[succeededCount=0; failedCount=1; ignoredCount=0; cachedCount=0; pendingCount=0; submittedCount=0; runningCount=0; retriesCount=0; abortedCount=0; succeedDuration=0ms; failedDuration=116ms; cachedDuration=0ms;loadCpus=0; loadMemory=0; peakRunning=1; peakCpus=4; peakMemory=8 GB; ]
Sep-27 11:14:46.460 [main] DEBUG nextflow.trace.TraceFileObserver - Workflow completed -- saving trace file
Sep-27 11:14:46.464 [main] DEBUG nextflow.trace.ReportObserver - Workflow completed -- rendering execution report
Sep-27 11:14:46.956 [main] DEBUG nextflow.trace.TimelineObserver - Workflow completed -- rendering execution timeline
Sep-27 11:14:47.059 [main] WARN  nextflow.dag.GraphvizRenderer - Graphviz is required to render the execution DAG in the given format -- See http://www.graphviz.org for more info.
Sep-27 11:14:47.092 [main] DEBUG nextflow.cache.CacheDB - Closing CacheDB done
Sep-27 11:14:47.106 [main] INFO  org.pf4j.AbstractPluginManager - Stop plugin 'nf-schema@2.0.0'
Sep-27 11:14:47.106 [main] DEBUG nextflow.plugin.BasePlugin - Plugin stopped nf-schema
Sep-27 11:14:47.107 [main] DEBUG nextflow.util.ThreadPoolManager - Thread pool 'FileTransfer' shutdown completed (hard=false)
Sep-27 11:14:47.108 [main] DEBUG nextflow.script.ScriptRunner - > Execution complete -- Goodbye
